Command line:
   Asignar_isim_beh.exe
     -simmode  gui
     -simrunnum  0
     -socket  50363

Wed Jun 22 16:46:02 2022


 Elaboration Time: 0.03125 sec

 Current Memory Usage: 4995.63 Meg

 Total Signals          : 8
 Total Nets             : 28
 Total Signal Drivers   : 4
 Total Blocks           : 4
 Total Primitive Blocks : 3
 Total Processes        : 2
 Total Traceable Variables  : 13
 Total Scalar Nets and Variables : 511
Total Line Count : 43

 Total Simulation Time: 0.734375 sec

 Current Memory Usage: 4838.35 Meg

Wed Jun 22 16:51:43 2022

