Running: C:\Xilinx\14.7\ISE_DS\ISE\bin\nt64\unwrapped\fuse.exe -intstyle ise -incremental -lib secureip -o C:/Users/CEAS/Documents/Proyecto/EjercicioALU/Asignar_isim_beh.exe -prj C:/Users/CEAS/Documents/Proyecto/EjercicioALU/Asignar_beh.prj work.Asignar 
ISim P.20131013 (signature 0x7708f090)
Number of CPUs detected in this system: 2
Turning on mult-threading, number of parallel sub-compilation jobs: 4 
Determining compilation order of HDL files
Parsing VHDL file "C:/Users/CEAS/Documents/Proyecto/EjercicioALU/ALU.vhd" into library work
Parsing VHDL file "C:/Users/CEAS/Documents/Proyecto/EjercicioALU/Asignar.vhd" into library work
Starting static elaboration
Completed static elaboration
Compiling package standard
Compiling package std_logic_1164
Compiling package numeric_std
Compiling architecture behavioral of entity ALU [alu_default]
Compiling architecture behavior of entity asignar
Time Resolution for simulation is 1ps.
Waiting for 1 sub-compilation(s) to finish...
Compiled 6 VHDL Units
Built simulation executable C:/Users/CEAS/Documents/Proyecto/EjercicioALU/Asignar_isim_beh.exe
Fuse Memory Usage: 36304 KB
Fuse CPU Usage: 484 ms
